<?xml version="1.0" encoding="UTF-8"?>
<testng-results total="1" passed="1" failed="0" skipped="0">
  <reporter-output>
  </reporter-output>
  <suite started-at="2021-02-22T11:19:16Z" name="Suite" finished-at="2021-02-22T12:03:52Z" duration-ms="2675634">
    <groups>
      <group name="cucumber">
        <method signature="TestRunner.feature(cucumber.api.testng.CucumberFeatureWrapper)[pri:0, instance:com.qa.skyDocRP.runner.TestRunner@12d4bf7e]" name="feature" class="com.qa.skyDocRP.runner.TestRunner"/>
      </group> <!-- cucumber -->
    </groups>
    <test started-at="2021-02-22T11:19:16Z" name="Test" finished-at="2021-02-22T12:03:52Z" duration-ms="2675634">
      <class name="com.qa.skyDocRP.runner.TestRunner">
        <test-method is-config="true" signature="setUpClass()[pri:0, instance:com.qa.skyDocRP.runner.TestRunner@12d4bf7e]" started-at="2021-02-22T16:49:16Z" name="setUpClass" finished-at="2021-02-22T16:49:17Z" duration-ms="291" status="PASS">
          <reporter-output>
          </reporter-output>
        </test-method> <!-- setUpClass -->
        <test-method signature="feature(cucumber.api.testng.CucumberFeatureWrapper)[pri:0, instance:com.qa.skyDocRP.runner.TestRunner@12d4bf7e]" started-at="2021-02-22T16:49:17Z" name="feature" description="Runs Cucumber Feature" data-provider="features" finished-at="2021-02-22T17:33:52Z" duration-ms="2674902" status="PASS">
          <params>
            <param index="0">
              <value>
                <![CDATA[Automation Testing on SkyDoc Suite App]]>
              </value>
            </param>
          </params>
          <reporter-output>
          </reporter-output>
        </test-method> <!-- feature -->
        <test-method is-config="true" signature="tearDownClass()[pri:0, instance:com.qa.skyDocRP.runner.TestRunner@12d4bf7e]" started-at="2021-02-22T17:33:52Z" name="tearDownClass" finished-at="2021-02-22T17:33:52Z" duration-ms="27" status="PASS">
          <reporter-output>
          </reporter-output>
        </test-method> <!-- tearDownClass -->
      </class> <!-- com.qa.skyDocRP.runner.TestRunner -->
    </test> <!-- Test -->
  </suite> <!-- Suite -->
</testng-results>
